(10216) 12/21/2023 14:29:12.246 Dtool> Info: [TmDlpeInstallAgent] ====== Start to install DLP ====== @pasdk.cpp(2074)
(10216) 12/21/2023 14:29:12.247 Dtool> Info: [TmDlpeInstallAgent] Datfhs Path C:\Program Files (x86)\Trend Micro\Security Agent\DatFHS.dll, @pasdk.cpp(2119)
(10216) 12/21/2023 14:29:12.253 Dtool> Info: [TrustCertMgr::CheckDLPBinaryIssuerForOneFile] Check file [C:\Program Files (x86)\Trend Micro\Security Agent\dlplite\System32\\dgagent\win32\apihookstub.x86.dll], Version[6.2.0.5183]  @trustcertmgr.cpp(714)
(10216) 12/21/2023 14:29:12.260 Dtool> Info: [TrustCertMgr::CheckDLPBinaryIssuerForOneFile] Check file [C:\Program Files (x86)\Trend Micro\Security Agent\dlplite\System32\\dgagent\win32\dlpexaddin.x86.dll], Version[6.2.0.5183]  @trustcertmgr.cpp(714)
(10216) 12/21/2023 14:29:12.265 Dtool> Info: [TrustCertMgr::CheckDLPBinaryIssuerForOneFile] Check file [C:\Program Files (x86)\Trend Micro\Security Agent\dlplite\System32\\dgagent\win32\dlphook.x86.dll], Version[6.2.0.5251]  @trustcertmgr.cpp(714)
(10216) 12/21/2023 14:29:12.275 Dtool> Info: [TrustCertMgr::CheckDLPBinaryIssuerForOneFile] Check file [C:\Program Files (x86)\Trend Micro\Security Agent\dlplite\System32\\dgagent\win32\dlp_utils.dll], Version[6.2.0.5255]  @trustcertmgr.cpp(714)
(10216) 12/21/2023 14:29:12.277 Dtool> Info: [TrustCertMgr::CheckDLPBinaryIssuerForOneFile] Check file [C:\Program Files (x86)\Trend Micro\Security Agent\dlplite\System32\\dgagent\win32\immessagehook.dll], Version[6.2.0.5255]  @trustcertmgr.cpp(714)
(10216) 12/21/2023 14:29:12.279 Dtool> Info: [TrustCertMgr::CheckDLPBinaryIssuerForOneFile] Check file [C:\Program Files (x86)\Trend Micro\Security Agent\dlplite\System32\\dgagent\win32\nmem.dll], Version[6.2.0.5221]  @trustcertmgr.cpp(714)
(10216) 12/21/2023 14:29:12.282 Dtool> Info: [TrustCertMgr::CheckDLPBinaryIssuerForOneFile] Check file [C:\Program Files (x86)\Trend Micro\Security Agent\dlplite\System32\\dgagent\x64\7z.dll], Version[18.5.0.0]  @trustcertmgr.cpp(714)
(10216) 12/21/2023 14:29:12.285 Dtool> Info: [TrustCertMgr::CheckDLPBinaryIssuerForOneFile] Check file [C:\Program Files (x86)\Trend Micro\Security Agent\dlplite\System32\\dgagent\x64\7z.exe], Version[18.5.0.0]  @trustcertmgr.cpp(714)
(10216) 12/21/2023 14:29:12.287 Dtool> Info: [TrustCertMgr::CheckDLPBinaryIssuerForOneFile] Check file [C:\Program Files (x86)\Trend Micro\Security Agent\dlplite\System32\\dgagent\x64\apihookstub.x64.dll], Version[6.2.0.5183]  @trustcertmgr.cpp(714)
(10216) 12/21/2023 14:29:12.289 Dtool> Info: [TrustCertMgr::CheckDLPBinaryIssuerForOneFile] Check file [C:\Program Files (x86)\Trend Micro\Security Agent\dlplite\System32\\dgagent\x64\archive_7z.dll], Version[6.2.0.5255]  @trustcertmgr.cpp(714)
(10216) 12/21/2023 14:29:12.290 Dtool> Info: [TrustCertMgr::CheckDLPBinaryIssuerForOneFile] Check file [C:\Program Files (x86)\Trend Micro\Security Agent\dlplite\System32\\dgagent\x64\archive_vsapi.dll], Version[6.2.0.5183]  @trustcertmgr.cpp(714)
(10216) 12/21/2023 14:29:12.292 Dtool> Info: [TrustCertMgr::CheckDLPBinaryIssuerForOneFile] Check file [C:\Program Files (x86)\Trend Micro\Security Agent\dlplite\System32\\dgagent\x64\cme_vxe_dll.dll], Version[6.2.0.5221]  @trustcertmgr.cpp(714)
(10216) 12/21/2023 14:29:12.297 Dtool> Info: [TrustCertMgr::CheckDLPBinaryIssuerForOneFile] Check file [C:\Program Files (x86)\Trend Micro\Security Agent\dlplite\System32\\dgagent\x64\datadiscovery.exe], Version[6.2.0.5255]  @trustcertmgr.cpp(714)
(10216) 12/21/2023 14:29:12.302 Dtool> Info: [TrustCertMgr::CheckDLPBinaryIssuerForOneFile] Check file [C:\Program Files (x86)\Trend Micro\Security Agent\dlplite\System32\\dgagent\x64\dbghelp.dll], Version[6.11.1.404]  @trustcertmgr.cpp(714)
(10216) 12/21/2023 14:29:12.304 Dtool> Info: [TrustCertMgr::CheckDLPBinaryIssuerForOneFile] Check file [C:\Program Files (x86)\Trend Micro\Security Agent\dlplite\System32\\dgagent\x64\dlpconverter_dt.dll], Version[6.2.0.5255]  @trustcertmgr.cpp(714)
(10216) 12/21/2023 14:29:12.306 Dtool> Info: [TrustCertMgr::CheckDLPBinaryIssuerForOneFile] Check file [C:\Program Files (x86)\Trend Micro\Security Agent\dlplite\System32\\dgagent\x64\dlpdrvif.dll], Version[6.2.0.5255]  @trustcertmgr.cpp(714)
(10216) 12/21/2023 14:29:12.309 Dtool> Info: [TrustCertMgr::CheckDLPBinaryIssuerForOneFile] Check file [C:\Program Files (x86)\Trend Micro\Security Agent\dlplite\System32\\dgagent\x64\dlpexaddin.x64.dll], Version[6.2.0.5255]  @trustcertmgr.cpp(714)
(10216) 12/21/2023 14:29:12.312 Dtool> Info: [TrustCertMgr::CheckDLPBinaryIssuerForOneFile] Check file [C:\Program Files (x86)\Trend Micro\Security Agent\dlplite\System32\\dgagent\x64\dlphook.x64.dll], Version[6.2.0.5251]  @trustcertmgr.cpp(714)
(10216) 12/21/2023 14:29:12.319 Dtool> Info: [TrustCertMgr::CheckDLPBinaryIssuerForOneFile] Check file [C:\Program Files (x86)\Trend Micro\Security Agent\dlplite\System32\\dgagent\x64\dlpwpdfltr\dlpwpdfltr.sys], Version[6.2.0.5227]  @trustcertmgr.cpp(714)
(10216) 12/21/2023 14:29:12.325 Dtool> Info: [TrustCertMgr::CheckDLPBinaryIssuerForOneFile] Check file [C:\Program Files (x86)\Trend Micro\Security Agent\dlplite\System32\\dgagent\x64\dlpwpdfltr\wdfredist\kmdf-1.9\microsoft kernel-mode driver framework install-v1.9-win2k-winxp-win2k3.exe], Version[6.3.15.0]  @trustcertmgr.cpp(714)
(10216) 12/21/2023 14:29:12.328 Dtool> Info: [TrustCertMgr::CheckDLPBinaryIssuerForOneFile] Check file [C:\Program Files (x86)\Trend Micro\Security Agent\dlplite\System32\\dgagent\x64\dlpwpdfltr\wdfredist\umdf-1.9\microsoft user-mode driver framework install-v1.9-winxp-srv03.exe], Version[6.3.15.0]  @trustcertmgr.cpp(714)
(10216) 12/21/2023 14:29:12.331 Dtool> Info: [TrustCertMgr::CheckDLPBinaryIssuerForOneFile] Check file [C:\Program Files (x86)\Trend Micro\Security Agent\dlplite\System32\\dgagent\x64\dlpwpdfltr\wdfredist\usbcoinstaller2\winusb.exe], Version[6.3.15.0]  @trustcertmgr.cpp(714)
(10216) 12/21/2023 14:29:12.333 Dtool> Info: [TrustCertMgr::CheckDLPBinaryIssuerForOneFile] Check file [C:\Program Files (x86)\Trend Micro\Security Agent\dlplite\System32\\dgagent\x64\dlp_telemetry.dll], Version[6.2.0.5183]  @trustcertmgr.cpp(714)
(10216) 12/21/2023 14:29:12.335 Dtool> Info: [TrustCertMgr::CheckDLPBinaryIssuerForOneFile] Check file [C:\Program Files (x86)\Trend Micro\Security Agent\dlplite\System32\\dgagent\x64\dlp_utils.dll], Version[6.2.0.5255]  @trustcertmgr.cpp(714)
(10216) 12/21/2023 14:29:12.342 Dtool> Info: [TrustCertMgr::CheckDLPBinaryIssuerForOneFile] Check file [C:\Program Files (x86)\Trend Micro\Security Agent\dlplite\System32\\dgagent\x64\dsagent.exe], Version[6.2.0.5255]  @trustcertmgr.cpp(714)
(10216) 12/21/2023 14:29:12.356 Dtool> Info: [TrustCertMgr::CheckDLPBinaryIssuerForOneFile] Check file [C:\Program Files (x86)\Trend Micro\Security Agent\dlplite\System32\\dgagent\x64\dtengine64.dll], Version[7.2201.8749.1]  @trustcertmgr.cpp(714)
(10216) 12/21/2023 14:29:12.364 Dtool> Info: [TrustCertMgr::CheckDLPBinaryIssuerForOneFile] Check file [C:\Program Files (x86)\Trend Micro\Security Agent\dlplite\System32\\dgagent\x64\dtoop.exe], Version[6.2.0.5255]  @trustcertmgr.cpp(714)
(10216) 12/21/2023 14:29:12.365 Dtool> Info: [TrustCertMgr::CheckDLPBinaryIssuerForOneFile] Check file [C:\Program Files (x86)\Trend Micro\Security Agent\dlplite\System32\\dgagent\x64\feapi.dll], Version[6.0.0.3030]  @trustcertmgr.cpp(714)
(10216) 12/21/2023 14:29:12.367 Dtool> Info: [TrustCertMgr::CheckDLPBinaryIssuerForOneFile] Check file [C:\Program Files (x86)\Trend Micro\Security Agent\dlplite\System32\\dgagent\x64\fecmd.exe], Version[6.0.0.3030]  @trustcertmgr.cpp(714)
(10216) 12/21/2023 14:29:12.387 Dtool> Info: [TrustCertMgr::CheckDLPBinaryIssuerForOneFile] Check file [C:\Program Files (x86)\Trend Micro\Security Agent\dlplite\System32\\dgagent\x64\icudt68.dll], Version[68.2.0.0]  @trustcertmgr.cpp(714)
(10216) 12/21/2023 14:29:12.409 Dtool> Info: [TrustCertMgr::CheckDLPBinaryIssuerForOneFile] Check file [C:\Program Files (x86)\Trend Micro\Security Agent\dlplite\System32\\dgagent\x64\icuin68.dll], Version[68.2.0.0]  @trustcertmgr.cpp(714)
(10216) 12/21/2023 14:29:12.414 Dtool> Info: [TrustCertMgr::CheckDLPBinaryIssuerForOneFile] Check file [C:\Program Files (x86)\Trend Micro\Security Agent\dlplite\System32\\dgagent\x64\icuuc68.dll], Version[68.2.0.0]  @trustcertmgr.cpp(714)
(10216) 12/21/2023 14:29:12.417 Dtool> Info: [TrustCertMgr::CheckDLPBinaryIssuerForOneFile] Check file [C:\Program Files (x86)\Trend Micro\Security Agent\dlplite\System32\\dgagent\x64\immessagehook.dll], Version[6.2.0.5255]  @trustcertmgr.cpp(714)
(10216) 12/21/2023 14:29:12.420 Dtool> Info: [TrustCertMgr::CheckDLPBinaryIssuerForOneFile] Check file [C:\Program Files (x86)\Trend Micro\Security Agent\dlplite\System32\\dgagent\x64\inetftpparser.dll], Version[6.2.0.5255]  @trustcertmgr.cpp(714)
(10216) 12/21/2023 14:29:12.423 Dtool> Info: [TrustCertMgr::CheckDLPBinaryIssuerForOneFile] Check file [C:\Program Files (x86)\Trend Micro\Security Agent\dlplite\System32\\dgagent\x64\inethttpparser.dll], Version[6.2.0.5255]  @trustcertmgr.cpp(714)
(10216) 12/21/2023 14:29:12.427 Dtool> Info: [TrustCertMgr::CheckDLPBinaryIssuerForOneFile] Check file [C:\Program Files (x86)\Trend Micro\Security Agent\dlplite\System32\\dgagent\x64\inetrapiparser.dll], Version[6.2.0.5255]  @trustcertmgr.cpp(714)
(10216) 12/21/2023 14:29:12.430 Dtool> Info: [TrustCertMgr::CheckDLPBinaryIssuerForOneFile] Check file [C:\Program Files (x86)\Trend Micro\Security Agent\dlplite\System32\\dgagent\x64\inetsmtpparser.dll], Version[6.2.0.5255]  @trustcertmgr.cpp(714)
(10216) 12/21/2023 14:29:12.433 Dtool> Info: [TrustCertMgr::CheckDLPBinaryIssuerForOneFile] Check file [C:\Program Files (x86)\Trend Micro\Security Agent\dlplite\System32\\dgagent\x64\inetsyncfile.dll], Version[6.2.0.5255]  @trustcertmgr.cpp(714)
(10216) 12/21/2023 14:29:12.437 Dtool> Info: [TrustCertMgr::CheckDLPBinaryIssuerForOneFile] Check file [C:\Program Files (x86)\Trend Micro\Security Agent\dlplite\System32\\dgagent\x64\listdeviceinfo.exe], Version[6.2.0.5255]  @trustcertmgr.cpp(714)
(10216) 12/21/2023 14:29:12.441 Dtool> Info: [TrustCertMgr::CheckDLPBinaryIssuerForOneFile] Check file [C:\Program Files (x86)\Trend Micro\Security Agent\dlplite\System32\\dgagent\x64\msvcp140.dll], Version[14.27.29112.0]  @trustcertmgr.cpp(714)
(10216) 12/21/2023 14:29:12.443 Dtool> Info: [TrustCertMgr::CheckDLPBinaryIssuerForOneFile] Check file [C:\Program Files (x86)\Trend Micro\Security Agent\dlplite\System32\\dgagent\x64\nmem.dll], Version[6.2.0.5221]  @trustcertmgr.cpp(714)
(10216) 12/21/2023 14:29:12.445 Dtool> Info: [TrustCertMgr::CheckDLPBinaryIssuerForOneFile] Check file [C:\Program Files (x86)\Trend Micro\Security Agent\dlplite\System32\\dgagent\x64\removeworkingdirectory.exe], Version[6.2.0.5183]  @trustcertmgr.cpp(714)
(10216) 12/21/2023 14:29:12.449 Dtool> Info: [TrustCertMgr::CheckDLPBinaryIssuerForOneFile] Check file [C:\Program Files (x86)\Trend Micro\Security Agent\dlplite\System32\\dgagent\x64\showmsg.exe], Version[6.2.0.5255]  @trustcertmgr.cpp(714)
(10216) 12/21/2023 14:29:12.452 Dtool> Info: [TrustCertMgr::CheckDLPBinaryIssuerForOneFile] Check file [C:\Program Files (x86)\Trend Micro\Security Agent\dlplite\System32\\dgagent\x64\tmdevctrl.dll], Version[6.2.0.5255]  @trustcertmgr.cpp(714)
(10216) 12/21/2023 14:29:12.454 Dtool> Info: [TrustCertMgr::CheckDLPBinaryIssuerForOneFile] Check file [C:\Program Files (x86)\Trend Micro\Security Agent\dlplite\System32\\dgagent\x64\tmdsmengine.dll], Version[6.2.0.5183]  @trustcertmgr.cpp(714)
(10216) 12/21/2023 14:29:12.456 Dtool> Info: [TrustCertMgr::CheckDLPBinaryIssuerForOneFile] Check file [C:\Program Files (x86)\Trend Micro\Security Agent\dlplite\System32\\dgagent\x64\upgradecleaner.exe], Version[6.2.0.5183]  @trustcertmgr.cpp(714)
(10216) 12/21/2023 14:29:12.458 Dtool> Info: [TrustCertMgr::CheckDLPBinaryIssuerForOneFile] Check file [C:\Program Files (x86)\Trend Micro\Security Agent\dlplite\System32\\dgagent\x64\vcruntime140.dll], Version[14.27.29112.0]  @trustcertmgr.cpp(714)
(10216) 12/21/2023 14:29:12.460 Dtool> Info: [TrustCertMgr::CheckDLPBinaryIssuerForOneFile] Check file [C:\Program Files (x86)\Trend Micro\Security Agent\dlplite\System32\\dgagent\x64\vcruntime140_1.dll], Version[14.27.29112.0]  @trustcertmgr.cpp(714)
(10216) 12/21/2023 14:29:12.461 Dtool> Info: [TrustCertMgr::CheckDLPBinaryIssuerForOneFile] Check file [C:\Program Files (x86)\Trend Micro\Security Agent\dlplite\System32\\drivers\dlpnetfltr.sys], Version[6.2.0.5204]  @trustcertmgr.cpp(714)
(10216) 12/21/2023 14:29:12.467 Dtool> Info: [TrustCertMgr::CheckDLPBinaryIssuerForOneFile] Check file [C:\Program Files (x86)\Trend Micro\Security Agent\dlplite\System32\\drivers\sakcd.sys], Version[6.2.0.5173]  @trustcertmgr.cpp(714)
(10216) 12/21/2023 14:29:12.473 Dtool> Info: [TrustCertMgr::CheckDLPBinaryIssuerForOneFile] Check file [C:\Program Files (x86)\Trend Micro\Security Agent\dlplite\System32\\drivers\sakfile.sys], Version[6.2.0.5251]  @trustcertmgr.cpp(714)
(10216) 12/21/2023 14:29:12.483 Dtool> Info: [TrustCertMgr::CheckDLPBinaryIssuerForOneFile] Check file [C:\Program Files (x86)\Trend Micro\Security Agent\dlplite\System32\\showmix.dll], Version[6.2.0.5001]  @trustcertmgr.cpp(714)
(10216) 12/21/2023 14:29:12.489 Dtool> Info: [TrustCertMgr::CheckDLPBinaryIssuerForOneFile] Check file [C:\Program Files (x86)\Trend Micro\Security Agent\dlplite\System32\\showmsg.exe], Version[6.2.0.5255]  @trustcertmgr.cpp(714)
(10216) 12/21/2023 14:29:12.492 Dtool> Info: dg_support_os> OS Info: Major<10> Minor<0> SP<0>
(10216) 12/21/2023 14:29:12.492 Dtool> Info: [dg_push_agent] --- install agent for device control --- @dtool.cpp(480)
(10216) 12/21/2023 14:29:12.492 Dtool> Info: DLP Endpoint was not installed before! Will not clear up!
(10216) 12/21/2023 14:29:12.492 Dtool> Err : UninstallExistingTMDLP DLPE-SDK is not installed
(10216) 12/21/2023 14:29:12.492 Dtool> Info: Remove [C:\Windows\system32\Logger.cfg]
(10216) 12/21/2023 14:29:12.492 Dtool> Info: Installing 64bit agent.
(10216) 12/21/2023 14:29:12.492 Dtool> Info: 64-bit agent source directory: C:\Program Files (x86)\Trend Micro\Security Agent\dlplite\System32\dgagent\x64
(10216) 12/21/2023 14:29:12.492 Dtool> Info: 64-bit agent destination directory: C:\Windows\system32\dgagent
(10216) 12/21/2023 14:29:12.492 Dtool> Info: 32-bit agent source directory: C:\Program Files (x86)\Trend Micro\Security Agent\dlplite\System32\dgagent\win32
(10216) 12/21/2023 14:29:12.492 Dtool> Info: 32-bit agent destination directory: C:\Windows\SysWOW64\dgagent
(10216) 12/21/2023 14:29:12.495 Dtool> Info: Copy [C:\Program Files (x86)\Trend Micro\Security Agent\dlplite\System32\dgagent\x64\7z.dll] to [C:\Windows\system32\dgagent\7z.dll]
(10216) 12/21/2023 14:29:12.496 Dtool> Info: Copy [C:\Program Files (x86)\Trend Micro\Security Agent\dlplite\System32\dgagent\x64\7z.exe] to [C:\Windows\system32\dgagent\7z.exe]
(10216) 12/21/2023 14:29:12.496 Dtool> Info: Copy [C:\Program Files (x86)\Trend Micro\Security Agent\dlplite\System32\dgagent\x64\american-name.txt] to [C:\Windows\system32\dgagent\american-name.txt]
(10216) 12/21/2023 14:29:12.497 Dtool> Info: Copy [C:\Program Files (x86)\Trend Micro\Security Agent\dlplite\System32\dgagent\x64\apihookstub.x64.dll] to [C:\Windows\system32\dgagent\apihookstub.x64.dll]
(10216) 12/21/2023 14:29:12.497 Dtool> Info: Copy [C:\Program Files (x86)\Trend Micro\Security Agent\dlplite\System32\dgagent\x64\archive_7z.dll] to [C:\Windows\system32\dgagent\archive_7z.dll]
(10216) 12/21/2023 14:29:12.498 Dtool> Info: Copy [C:\Program Files (x86)\Trend Micro\Security Agent\dlplite\System32\dgagent\x64\archive_vsapi.dll] to [C:\Windows\system32\dgagent\archive_vsapi.dll]
(10216) 12/21/2023 14:29:12.498 Dtool> Info: Copy [C:\Program Files (x86)\Trend Micro\Security Agent\dlplite\System32\dgagent\x64\browser_pattern.xml] to [C:\Windows\system32\dgagent\browser_pattern.xml]
(10216) 12/21/2023 14:29:12.498 Dtool> Info: Copy [C:\Program Files (x86)\Trend Micro\Security Agent\dlplite\System32\dgagent\x64\cme.conf] to [C:\Windows\system32\dgagent\cme.conf]
(10216) 12/21/2023 14:29:12.499 Dtool> Info: Copy [C:\Program Files (x86)\Trend Micro\Security Agent\dlplite\System32\dgagent\x64\cme_vxe_dll.dll] to [C:\Windows\system32\dgagent\cme_vxe_dll.dll]
(10216) 12/21/2023 14:29:12.499 Dtool> Info: Copy [C:\Program Files (x86)\Trend Micro\Security Agent\dlplite\System32\dgagent\x64\converter.pro] to [C:\Windows\system32\dgagent\converter.pro]
(10216) 12/21/2023 14:29:12.499 Dtool> Info: Copy [C:\Program Files (x86)\Trend Micro\Security Agent\dlplite\System32\dgagent\x64\customdlg.xml] to [C:\Windows\system32\dgagent\customdlg.xml]
(10216) 12/21/2023 14:29:12.500 Dtool> Info: Copy [C:\Program Files (x86)\Trend Micro\Security Agent\dlplite\System32\dgagent\x64\datadiscovery.exe] to [C:\Windows\system32\dgagent\datadiscovery.exe]
(10216) 12/21/2023 14:29:12.501 Dtool> Info: Copy [C:\Program Files (x86)\Trend Micro\Security Agent\dlplite\System32\dgagent\x64\dbghelp.dll] to [C:\Windows\system32\dgagent\dbghelp.dll]
(10216) 12/21/2023 14:29:12.502 Dtool> Info: Copy [C:\Program Files (x86)\Trend Micro\Security Agent\dlplite\System32\dgagent\x64\discovery.cfg] to [C:\Windows\system32\dgagent\discovery.cfg]
(10216) 12/21/2023 14:29:12.503 Dtool> Info: Copy [C:\Program Files (x86)\Trend Micro\Security Agent\dlplite\System32\dgagent\x64\discovery.pro] to [C:\Windows\system32\dgagent\discovery.pro]
(10216) 12/21/2023 14:29:12.503 Dtool> Info: Copy [C:\Program Files (x86)\Trend Micro\Security Agent\dlplite\System32\dgagent\x64\dlpconverter_dt.dll] to [C:\Windows\system32\dgagent\dlpconverter_dt.dll]
(10216) 12/21/2023 14:29:12.503 Dtool> Info: Copy [C:\Program Files (x86)\Trend Micro\Security Agent\dlplite\System32\dgagent\x64\dlpdrvif.dll] to [C:\Windows\system32\dgagent\dlpdrvif.dll]
(10216) 12/21/2023 14:29:12.504 Dtool> Info: Copy [C:\Program Files (x86)\Trend Micro\Security Agent\dlplite\System32\dgagent\x64\dlpexaddin.x64.dll] to [C:\Windows\system32\dgagent\dlpexaddin.x64.dll]
(10216) 12/21/2023 14:29:12.504 Dtool> Info: Copy [C:\Program Files (x86)\Trend Micro\Security Agent\dlplite\System32\dgagent\x64\dlphook.x64.dll] to [C:\Windows\system32\dgagent\dlphook.x64.dll]
(10216) 12/21/2023 14:29:12.505 Dtool> Info: Copy [C:\Program Files (x86)\Trend Micro\Security Agent\dlplite\System32\dgagent\x64\dlpwpdfltr\dlpwpdfltr.cat] to [C:\Windows\system32\dgagent\dlpwpdfltr\dlpwpdfltr.cat]
(10216) 12/21/2023 14:29:12.505 Dtool> Info: Copy [C:\Program Files (x86)\Trend Micro\Security Agent\dlplite\System32\dgagent\x64\dlpwpdfltr\dlpwpdfltr.inf] to [C:\Windows\system32\dgagent\dlpwpdfltr\dlpwpdfltr.inf]
(10216) 12/21/2023 14:29:12.506 Dtool> Info: Copy [C:\Program Files (x86)\Trend Micro\Security Agent\dlplite\System32\dgagent\x64\dlpwpdfltr\dlpwpdfltr.sys] to [C:\Windows\system32\dgagent\dlpwpdfltr\dlpwpdfltr.sys]
(10216) 12/21/2023 14:29:12.506 Dtool> Info: Copy [C:\Program Files (x86)\Trend Micro\Security Agent\dlplite\System32\dgagent\x64\dlpwpdfltr\wdfredist\kmdf-1.9\microsoft kernel-mode driver framework install-v1.9-vista.msu] to [C:\Windows\system32\dgagent\dlpwpdfltr\wdfredist\kmdf-1.9\microsoft kernel-mode driver framework install-v1.9-vista.msu]
(10216) 12/21/2023 14:29:12.507 Dtool> Info: Copy [C:\Program Files (x86)\Trend Micro\Security Agent\dlplite\System32\dgagent\x64\dlpwpdfltr\wdfredist\kmdf-1.9\microsoft kernel-mode driver framework install-v1.9-win2k-winxp-win2k3.exe] to [C:\Windows\system32\dgagent\dlpwpdfltr\wdfredist\kmdf-1.9\microsoft kernel-mode driver framework install-v1.9-win2k-winxp-win2k3.exe]
(10216) 12/21/2023 14:29:12.508 Dtool> Info: Copy [C:\Program Files (x86)\Trend Micro\Security Agent\dlplite\System32\dgagent\x64\dlpwpdfltr\wdfredist\umdf-1.9\microsoft user-mode driver framework install-v1.9-vista.msu] to [C:\Windows\system32\dgagent\dlpwpdfltr\wdfredist\umdf-1.9\microsoft user-mode driver framework install-v1.9-vista.msu]
(10216) 12/21/2023 14:29:12.508 Dtool> Info: Copy [C:\Program Files (x86)\Trend Micro\Security Agent\dlplite\System32\dgagent\x64\dlpwpdfltr\wdfredist\umdf-1.9\microsoft user-mode driver framework install-v1.9-winxp-srv03.exe] to [C:\Windows\system32\dgagent\dlpwpdfltr\wdfredist\umdf-1.9\microsoft user-mode driver framework install-v1.9-winxp-srv03.exe]
(10216) 12/21/2023 14:29:12.509 Dtool> Info: Copy [C:\Program Files (x86)\Trend Micro\Security Agent\dlplite\System32\dgagent\x64\dlpwpdfltr\wdfredist\usbcoinstaller2\winusb.exe] to [C:\Windows\system32\dgagent\dlpwpdfltr\wdfredist\usbcoinstaller2\winusb.exe]
(10216) 12/21/2023 14:29:12.510 Dtool> Info: Copy [C:\Program Files (x86)\Trend Micro\Security Agent\dlplite\System32\dgagent\x64\dlpwpdfltr\wdfredist\usbcoinstaller2\winusb_1.9.msu] to [C:\Windows\system32\dgagent\dlpwpdfltr\wdfredist\usbcoinstaller2\winusb_1.9.msu]
(10216) 12/21/2023 14:29:12.510 Dtool> Info: Copy [C:\Program Files (x86)\Trend Micro\Security Agent\dlplite\System32\dgagent\x64\dlp_telemetry.dll] to [C:\Windows\system32\dgagent\dlp_telemetry.dll]
(10216) 12/21/2023 14:29:12.510 Dtool> Info: Copy [C:\Program Files (x86)\Trend Micro\Security Agent\dlplite\System32\dgagent\x64\dlp_utils.dll] to [C:\Windows\system32\dgagent\dlp_utils.dll]
(10216) 12/21/2023 14:29:12.511 Dtool> Info: Copy [C:\Program Files (x86)\Trend Micro\Security Agent\dlplite\System32\dgagent\x64\dsa.cfg] to [C:\Windows\system32\dgagent\dsa.cfg]
(10216) 12/21/2023 14:29:12.511 Dtool> Info: Copy [C:\Program Files (x86)\Trend Micro\Security Agent\dlplite\System32\dgagent\x64\dsa.ctl] to [C:\Windows\system32\dgagent\dsa.ctl]
(10216) 12/21/2023 14:29:12.511 Dtool> Info: Copy [C:\Program Files (x86)\Trend Micro\Security Agent\dlplite\System32\dgagent\x64\dsa.pol] to [C:\Windows\system32\dgagent\dsa.pol]
(10216) 12/21/2023 14:29:12.512 Dtool> Info: Copy [C:\Program Files (x86)\Trend Micro\Security Agent\dlplite\System32\dgagent\x64\dsa.pro] to [C:\Windows\system32\dgagent\dsa.pro]
(10216) 12/21/2023 14:29:12.512 Dtool> Info: Copy [C:\Program Files (x86)\Trend Micro\Security Agent\dlplite\System32\dgagent\x64\dsagent.exe] to [C:\Windows\system32\dgagent\dsagent.exe]
(10216) 12/21/2023 14:29:12.515 Dtool> Info: Copy [C:\Program Files (x86)\Trend Micro\Security Agent\dlplite\System32\dgagent\x64\dsa_setting_default.xml] to [C:\Windows\system32\dgagent\dsa_setting_default.xml]
(10216) 12/21/2023 14:29:12.516 Dtool> Info: Copy [C:\Program Files (x86)\Trend Micro\Security Agent\dlplite\System32\dgagent\x64\dtengine64.dll] to [C:\Windows\system32\dgagent\dtengine64.dll]
(10216) 12/21/2023 14:29:12.519 Dtool> Info: Copy [C:\Program Files (x86)\Trend Micro\Security Agent\dlplite\System32\dgagent\x64\dtoop.exe] to [C:\Windows\system32\dgagent\dtoop.exe]
(10216) 12/21/2023 14:29:12.519 Dtool> Info: Copy [C:\Program Files (x86)\Trend Micro\Security Agent\dlplite\System32\dgagent\x64\etyv] to [C:\Windows\system32\dgagent\etyv]
(10216) 12/21/2023 14:29:12.520 Dtool> Info: Copy [C:\Program Files (x86)\Trend Micro\Security Agent\dlplite\System32\dgagent\x64\feapi.dll] to [C:\Windows\system32\dgagent\feapi.dll]
(10216) 12/21/2023 14:29:12.520 Dtool> Info: Copy [C:\Program Files (x86)\Trend Micro\Security Agent\dlplite\System32\dgagent\x64\fecmd.exe] to [C:\Windows\system32\dgagent\fecmd.exe]
(10216) 12/21/2023 14:29:12.520 Dtool> Info: Copy [C:\Program Files (x86)\Trend Micro\Security Agent\dlplite\System32\dgagent\x64\icudt68.dll] to [C:\Windows\system32\dgagent\icudt68.dll]
(10216) 12/21/2023 14:29:12.530 Dtool> Info: Copy [C:\Program Files (x86)\Trend Micro\Security Agent\dlplite\System32\dgagent\x64\icuin68.dll] to [C:\Windows\system32\dgagent\icuin68.dll]
(10216) 12/21/2023 14:29:12.534 Dtool> Info: Copy [C:\Program Files (x86)\Trend Micro\Security Agent\dlplite\System32\dgagent\x64\icuuc68.dll] to [C:\Windows\system32\dgagent\icuuc68.dll]
(10216) 12/21/2023 14:29:12.535 Dtool> Info: Copy [C:\Program Files (x86)\Trend Micro\Security Agent\dlplite\System32\dgagent\x64\immessagehook.dll] to [C:\Windows\system32\dgagent\immessagehook.dll]
(10216) 12/21/2023 14:29:12.536 Dtool> Info: Copy [C:\Program Files (x86)\Trend Micro\Security Agent\dlplite\System32\dgagent\x64\inetftpparser.dll] to [C:\Windows\system32\dgagent\inetftpparser.dll]
(10216) 12/21/2023 14:29:12.537 Dtool> Info: Copy [C:\Program Files (x86)\Trend Micro\Security Agent\dlplite\System32\dgagent\x64\inethttpparser.dll] to [C:\Windows\system32\dgagent\inethttpparser.dll]
(10216) 12/21/2023 14:29:12.538 Dtool> Info: Copy [C:\Program Files (x86)\Trend Micro\Security Agent\dlplite\System32\dgagent\x64\inetrapiparser.dll] to [C:\Windows\system32\dgagent\inetrapiparser.dll]
(10216) 12/21/2023 14:29:12.538 Dtool> Info: Copy [C:\Program Files (x86)\Trend Micro\Security Agent\dlplite\System32\dgagent\x64\inetsmtpparser.dll] to [C:\Windows\system32\dgagent\inetsmtpparser.dll]
(10216) 12/21/2023 14:29:12.539 Dtool> Info: Copy [C:\Program Files (x86)\Trend Micro\Security Agent\dlplite\System32\dgagent\x64\inetsyncfile.dll] to [C:\Windows\system32\dgagent\inetsyncfile.dll]
(10216) 12/21/2023 14:29:12.540 Dtool> Info: Copy [C:\Program Files (x86)\Trend Micro\Security Agent\dlplite\System32\dgagent\x64\listdeviceinfo.conf.ini] to [C:\Windows\system32\dgagent\listdeviceinfo.conf.ini]
(10216) 12/21/2023 14:29:12.540 Dtool> Info: Copy [C:\Program Files (x86)\Trend Micro\Security Agent\dlplite\System32\dgagent\x64\listdeviceinfo.exe] to [C:\Windows\system32\dgagent\listdeviceinfo.exe]
(10216) 12/21/2023 14:29:12.541 Dtool> Info: Copy [C:\Program Files (x86)\Trend Micro\Security Agent\dlplite\System32\dgagent\x64\msvcp140.dll] to [C:\Windows\system32\dgagent\msvcp140.dll]
(10216) 12/21/2023 14:29:12.545 Dtool> Info: Copy [C:\Program Files (x86)\Trend Micro\Security Agent\dlplite\System32\dgagent\x64\nmem.dll] to [C:\Windows\system32\dgagent\nmem.dll]
(10216) 12/21/2023 14:29:12.546 Dtool> Info: Copy [C:\Program Files (x86)\Trend Micro\Security Agent\dlplite\System32\dgagent\x64\removeworkingdirectory.exe] to [C:\Windows\system32\dgagent\removeworkingdirectory.exe]
(10216) 12/21/2023 14:29:12.546 Dtool> Info: Copy [C:\Program Files (x86)\Trend Micro\Security Agent\dlplite\System32\dgagent\x64\showmix.xml] to [C:\Windows\system32\dgagent\showmix.xml]
(10216) 12/21/2023 14:29:12.547 Dtool> Info: Copy [C:\Program Files (x86)\Trend Micro\Security Agent\dlplite\System32\dgagent\x64\showmsg.exe] to [C:\Windows\system32\dgagent\showmsg.exe]
(10216) 12/21/2023 14:29:12.548 Dtool> Info: Copy [C:\Program Files (x86)\Trend Micro\Security Agent\dlplite\System32\dgagent\x64\spanish-name.txt] to [C:\Windows\system32\dgagent\spanish-name.txt]
(10216) 12/21/2023 14:29:12.548 Dtool> Info: Copy [C:\Program Files (x86)\Trend Micro\Security Agent\dlplite\System32\dgagent\x64\tmdevctrl.dll] to [C:\Windows\system32\dgagent\tmdevctrl.dll]
(10216) 12/21/2023 14:29:12.549 Dtool> Info: Copy [C:\Program Files (x86)\Trend Micro\Security Agent\dlplite\System32\dgagent\x64\tmdlpe.ptn] to [C:\Windows\system32\dgagent\tmdlpe.ptn]
(10216) 12/21/2023 14:29:12.549 Dtool> Info: Copy [C:\Program Files (x86)\Trend Micro\Security Agent\dlplite\System32\dgagent\x64\tmdsmengine.dll] to [C:\Windows\system32\dgagent\tmdsmengine.dll]
(10216) 12/21/2023 14:29:12.549 Dtool> Info: Copy [C:\Program Files (x86)\Trend Micro\Security Agent\dlplite\System32\dgagent\x64\tmpeenum.xml] to [C:\Windows\system32\dgagent\tmpeenum.xml]
(10216) 12/21/2023 14:29:12.550 Dtool> Info: Copy [C:\Program Files (x86)\Trend Micro\Security Agent\dlplite\System32\dgagent\x64\upgradecleaner.exe] to [C:\Windows\system32\dgagent\upgradecleaner.exe]
(10216) 12/21/2023 14:29:12.550 Dtool> Info: Copy [C:\Program Files (x86)\Trend Micro\Security Agent\dlplite\System32\dgagent\x64\vcruntime140.dll] to [C:\Windows\system32\dgagent\vcruntime140.dll]
(10216) 12/21/2023 14:29:12.551 Dtool> Info: Copy [C:\Program Files (x86)\Trend Micro\Security Agent\dlplite\System32\dgagent\x64\vcruntime140_1.dll] to [C:\Windows\system32\dgagent\vcruntime140_1.dll]
(10216) 12/21/2023 14:29:12.551 Dtool> Info: ==> CreateService(DSASvc,00000000)
(10216) 12/21/2023 14:29:12.552 Dtool> Info: Agent push success!
(10216) 12/21/2023 14:29:12.552 Dtool> Info: Copy [C:\Program Files (x86)\Trend Micro\Security Agent\dlplite\System32\dgagent\x64\RemoveWorkingDirectory.exe] to [C:\Windows\system32\RemoveWorkingDirectory.exe]
(10216) 12/21/2023 14:29:12.552 Dtool> Info: Copy [C:\Program Files (x86)\Trend Micro\Security Agent\dlplite\System32\ShowMsg.exe] to [C:\Windows\system32\ShowMsg.exe]
(10216) 12/21/2023 14:29:12.554 Dtool> Info: Copy [C:\Program Files (x86)\Trend Micro\Security Agent\dlplite\System32\ShowMsg.xml] to [C:\Windows\system32\ShowMsg.xml]
(10216) 12/21/2023 14:29:12.554 Dtool> Info: Copy [C:\Program Files (x86)\Trend Micro\Security Agent\dlplite\System32\ShowMix.dll] to [C:\Windows\SysWOW64\ShowMix.dll]
(10216) 12/21/2023 14:29:12.556 Dtool> Info: Copy [C:\Program Files (x86)\Trend Micro\Security Agent\dlplite\System32\dgagent\x64\ShowMix.xml] to [C:\Windows\SysWOW64\ShowMix.xml]
(10216) 12/21/2023 14:29:12.556 Dtool> Info: Add OnlyDeviceCtrl configuration succeed!
(10216) 12/21/2023 14:29:12.556 Dtool> Info: Remove [C:\Windows\system32\drivers\1330885.cab]
(10216) 12/21/2023 14:29:12.556 Dtool> Info: Remove [C:\Windows\system32\drivers\dlpnetfltr.sys]
(10216) 12/21/2023 14:29:12.556 Dtool> Info: Remove [C:\Windows\system32\drivers\sakcd.sys]
(10216) 12/21/2023 14:29:12.556 Dtool> Info: Remove [C:\Windows\system32\drivers\sakfile.sys]
(10216) 12/21/2023 14:29:12.556 Dtool> Info: Copy [C:\Program Files (x86)\Trend Micro\Security Agent\dlplite\System32\drivers\1330885.cab] to [C:\Windows\system32\drivers\1330885.cab]
(10216) 12/21/2023 14:29:12.557 Dtool> Info: Copy [C:\Program Files (x86)\Trend Micro\Security Agent\dlplite\System32\drivers\dlpnetfltr.sys] to [C:\Windows\system32\drivers\dlpnetfltr.sys]
(10216) 12/21/2023 14:29:12.557 Dtool> Info: Copy [C:\Program Files (x86)\Trend Micro\Security Agent\dlplite\System32\drivers\sakcd.sys] to [C:\Windows\system32\drivers\sakcd.sys]
(10216) 12/21/2023 14:29:12.557 Dtool> Info: Copy [C:\Program Files (x86)\Trend Micro\Security Agent\dlplite\System32\drivers\sakfile.sys] to [C:\Windows\system32\drivers\sakfile.sys]
(10216) 12/21/2023 14:29:12.558 Dtool> Info: ==> CreateService(SAKFile,00000000)
(10216) 12/21/2023 14:29:12.558 Dtool> Info: startService> start SAKFile, do not check signature
(10216) 12/21/2023 14:29:12.596 Dtool> Info: Remove [C:\Windows\system32\drivers\dlpnetfltr.sys]
(10216) 12/21/2023 14:29:12.596 Dtool> Info: Remove [C:\Windows\system32\drivers\sakcd.sys]
(10216) 12/21/2023 14:29:12.596 Dtool> Info: Driver push success!
(10216) 12/21/2023 14:29:12.596 Dtool> Info: DtoolManipulateDriverForDAC success!!!!
(10216) 12/21/2023 14:29:12.596 Dtool> Info: dg_push_agent installed service
(10216) 12/21/2023 14:29:12.596 Dtool> Info: [TmDlpeInstallAgent] ====== Install success! (path=C:\Program Files (x86)\Trend Micro\Security Agent\dlplite\System32\) ====== @pasdk.cpp(2142)
(10216) 12/21/2023 14:29:12.596 Dtool> Info: [Reboot Copy] file : \??\C:\Program Files (x86)\Trend Micro\BM\cache\nfc.cache
(10216) 12/21/2023 14:29:12.596 Dtool> Info: [Reboot Copy] file : 
(10216) 12/21/2023 14:29:12.596 Dtool> Info: [Reboot Copy] file : 
(10216) 12/21/2023 14:29:12.637 Dtool> Info: Remove [C:\Windows\system32\logger.cfg]
(16212) 12/21/2023 14:36:00.822 TmDlpUpdate> Info: InitGlobalVars()@ln:991> Get package path = "C:\Program Files (x86)\Trend Micro\Security Agent\dlplite\hotfix\"
(16212) 12/21/2023 14:36:00.823 TmDlpUpdate> Info: InitGlobalVars()@ln:998> Get ini path = "C:\Program Files (x86)\Trend Micro\Security Agent\dlplite\hotfix\dgPatch.ini"
(16212) 12/21/2023 14:36:00.823 TmDlpUpdate> Info: InitGlobalVars()@ln:1012> Get win dir = "C:\Windows", Set working dir = "C:\Program Files (x86)\Trend Micro\Security Agent\dlplite\hotfix\x64"
(16212) 12/21/2023 14:36:00.823 TmDlpUpdate> Info: InitGlobalVars()@ln:1014> Reading dgpatch.ini...
(16212) 12/21/2023 14:36:00.823 TmDlpUpdate> Info: InitGlobalVars()@ln:1018> g_strWorkingDirectoryEx = <C:\Program Files (x86)\Trend Micro\Security Agent\dlplite\hotfix\x64>
(16212) 12/21/2023 14:36:00.823 TmDlpUpdate> Info: InitGlobalVars()@ln:1019> g_strDgPatchIniPathEx = <C:\Program Files (x86)\Trend Micro\Security Agent\dlplite\hotfix\dgPatch.ini>
(16212) 12/21/2023 14:36:00.823 TmDlpUpdate> Info: InitGlobalVars()@ln:1020> g_strWinDirEx = <C:\Windows>
(16212) 12/21/2023 14:36:00.823 TmDlpUpdate> Info: InitSourcePackage()@ln:935> Package full path = <C:\Program Files (x86)\Trend Micro\Security Agent\dlplite\hotfix\>, Windows root full path = <C:\Windows> => Copy to DLP Hotfix Repository = <0>
(16212) 12/21/2023 14:36:00.823 TmDlpUpdate> Info: [stopDLPService] Stop DLP service <Discsvc>! @tmdlpupdate.cpp(1119)
(16212) 12/21/2023 14:36:00.823 TmDlpUpdate> Info: [stopDLPService] Service <Discsvc> already stopped! No action can be done! @tmdlpupdate.cpp(1141)
(16212) 12/21/2023 14:36:00.823 TmDlpUpdate> Info: [stopDLPService] Stop DLP service <DSASvc>! @tmdlpupdate.cpp(1119)
(16212) 12/21/2023 14:36:00.823 TmDlpUpdate> Info: isServiceRunning()@ln:627> Service [DSASvc] was stopped.
(16212) 12/21/2023 14:36:00.823 TmDlpUpdate> Info: [stopDLPService] Service <DSASvc> already stopped! No action can be done! @tmdlpupdate.cpp(1141)
(16212) 12/21/2023 14:36:00.825 Dtool> Info: Total Processes Number 196
(16212) 12/21/2023 14:36:00.827 TmDlpUpdate> Err : [stopDLPService] Kill ShowMsg.exe failed! @tmdlpupdate.cpp(1149)
(16212) 12/21/2023 14:36:00.827 Dtool> Err : path : C:\Windows\system32\dgagent\SDKDevCtrl.typ
(16212) 12/21/2023 14:36:00.827 TmDlpUpdate> Info: SlimPackageForDC()@ln:898> Delete file [C:\Program Files (x86)\Trend Micro\Security Agent\dlplite\hotfix\x64\system32\ApiHookStub.x64.dll]
(16212) 12/21/2023 14:36:00.827 TmDlpUpdate> Info: SlimPackageForDC()@ln:898> Delete file [C:\Program Files (x86)\Trend Micro\Security Agent\dlplite\hotfix\x64\system32\dlpexaddin.x64.dll]
(16212) 12/21/2023 14:36:00.827 TmDlpUpdate> Info: SlimPackageForDC()@ln:898> Delete file [C:\Program Files (x86)\Trend Micro\Security Agent\dlplite\hotfix\x64\system32\dlphook.x64.dll]
(16212) 12/21/2023 14:36:00.827 TmDlpUpdate> Info: SlimPackageForDC()@ln:898> Delete file [C:\Program Files (x86)\Trend Micro\Security Agent\dlplite\hotfix\x64\system32\drivers\dlpnetfltr.sys]
(16212) 12/21/2023 14:36:00.827 TmDlpUpdate> Info: SlimPackageForDC()@ln:898> Delete file [C:\Program Files (x86)\Trend Micro\Security Agent\dlplite\hotfix\x64\system32\drivers\sakcd.sys]
(16212) 12/21/2023 14:36:00.827 TmDlpUpdate> Info: SlimPackageForDC()@ln:905> Delete files under directory [C:\Program Files (x86)\Trend Micro\Security Agent\dlplite\hotfix\x64\SysWOW64]
(16212) 12/21/2023 14:36:00.828 Dtool> Info: Remove [C:\Program Files (x86)\Trend Micro\Security Agent\dlplite\hotfix\x64\SysWOW64\apihookstub.x86.dll]
(16212) 12/21/2023 14:36:00.828 Dtool> Info: Remove [C:\Program Files (x86)\Trend Micro\Security Agent\dlplite\hotfix\x64\SysWOW64\dlpexaddin.x86.dll]
(16212) 12/21/2023 14:36:00.828 Dtool> Info: Remove [C:\Program Files (x86)\Trend Micro\Security Agent\dlplite\hotfix\x64\SysWOW64\dlphook.x86.dll]
(16212) 12/21/2023 14:36:00.828 Dtool> Info: Remove [C:\Program Files (x86)\Trend Micro\Security Agent\dlplite\hotfix\x64\SysWOW64\dlp_utils.dll]
(16212) 12/21/2023 14:36:00.828 Dtool> Info: Remove [C:\Program Files (x86)\Trend Micro\Security Agent\dlplite\hotfix\x64\SysWOW64\immessagehook.dll]
(16212) 12/21/2023 14:36:00.828 Dtool> Info: Remove [C:\Program Files (x86)\Trend Micro\Security Agent\dlplite\hotfix\x64\SysWOW64\nmem.dll]
(16212) 12/21/2023 14:36:00.828 Dtool> Info: Remove [C:\Program Files (x86)\Trend Micro\Security Agent\dlplite\hotfix\x64\SysWOW64\showmix.dll]
(16212) 12/21/2023 14:36:00.832 TmDlpUpdate> Info: checkUpdatePackage()@ln:1099> File [C:\Program Files (x86)\Trend Micro\Security Agent\dlplite\hotfix\x64\system32\drivers\sakfile.sys] is newer than [C:\Windows\system32\drivers\sakfile.sys]
(16212) 12/21/2023 14:36:00.832 TmDlpUpdate> Info: isServiceRunning()@ln:622> Service [SAKFile] was running, state:[4].
(16212) 12/21/2023 14:36:00.833 TmDlpUpdate> Info: stopService()@ln:390> Stopping service [SAKFile]
(16212) 12/21/2023 14:36:00.843 TmDlpUpdate> Info: [TmDlpeUpdateAgentEx] Datfhs Path C:\Program Files (x86)\Trend Micro\Security Agent\DatFHS.dll, @tmdlpupdate.cpp(1361)
(16212) 12/21/2023 14:36:00.850 TmDlpUpdate> Info: [TrustCertMgr::CheckDLPBinaryIssuerForOneFile] Check file [C:\Program Files (x86)\Trend Micro\Security Agent\dlplite\hotfix\\x64\system32\dgagent\7z.dll], Version[18.5.0.0]  @trustcertmgr.cpp(714)
(16212) 12/21/2023 14:36:00.858 TmDlpUpdate> Info: [TrustCertMgr::CheckDLPBinaryIssuerForOneFile] Check file [C:\Program Files (x86)\Trend Micro\Security Agent\dlplite\hotfix\\x64\system32\dgagent\7z.exe], Version[18.5.0.0]  @trustcertmgr.cpp(714)
(16212) 12/21/2023 14:36:00.862 TmDlpUpdate> Info: [TrustCertMgr::CheckDLPBinaryIssuerForOneFile] Check file [C:\Program Files (x86)\Trend Micro\Security Agent\dlplite\hotfix\\x64\system32\dgagent\apihookstub.x64.dll], Version[6.2.0.5183]  @trustcertmgr.cpp(714)
(16212) 12/21/2023 14:36:00.864 TmDlpUpdate> Info: [TrustCertMgr::CheckDLPBinaryIssuerForOneFile] Check file [C:\Program Files (x86)\Trend Micro\Security Agent\dlplite\hotfix\\x64\system32\dgagent\archive_7z.dll], Version[6.2.0.5255]  @trustcertmgr.cpp(714)
(16212) 12/21/2023 14:36:00.865 TmDlpUpdate> Info: [TrustCertMgr::CheckDLPBinaryIssuerForOneFile] Check file [C:\Program Files (x86)\Trend Micro\Security Agent\dlplite\hotfix\\x64\system32\dgagent\archive_vsapi.dll], Version[6.2.0.5183]  @trustcertmgr.cpp(714)
(16212) 12/21/2023 14:36:00.867 TmDlpUpdate> Info: [TrustCertMgr::CheckDLPBinaryIssuerForOneFile] Check file [C:\Program Files (x86)\Trend Micro\Security Agent\dlplite\hotfix\\x64\system32\dgagent\cme_vxe_dll.dll], Version[6.2.0.5221]  @trustcertmgr.cpp(714)
(16212) 12/21/2023 14:36:00.889 TmDlpUpdate> Info: [TrustCertMgr::CheckDLPBinaryIssuerForOneFile] Check file [C:\Program Files (x86)\Trend Micro\Security Agent\dlplite\hotfix\\x64\system32\dgagent\datadiscovery.exe], Version[6.2.0.5286]  @trustcertmgr.cpp(714)
(16212) 12/21/2023 14:36:00.898 TmDlpUpdate> Info: [TrustCertMgr::CheckDLPBinaryIssuerForOneFile] Check file [C:\Program Files (x86)\Trend Micro\Security Agent\dlplite\hotfix\\x64\system32\dgagent\dbghelp.dll], Version[6.11.1.404]  @trustcertmgr.cpp(714)
(16212) 12/21/2023 14:36:00.916 TmDlpUpdate> Info: [TrustCertMgr::CheckDLPBinaryIssuerForOneFile] Check file [C:\Program Files (x86)\Trend Micro\Security Agent\dlplite\hotfix\\x64\system32\dgagent\dgagent\showmsg.exe], Version[6.2.0.5285]  @trustcertmgr.cpp(714)
(16212) 12/21/2023 14:36:00.920 TmDlpUpdate> Info: [TrustCertMgr::CheckDLPBinaryIssuerForOneFile] Check file [C:\Program Files (x86)\Trend Micro\Security Agent\dlplite\hotfix\\x64\system32\dgagent\dlpconverter_dt.dll], Version[6.2.0.5286]  @trustcertmgr.cpp(714)
(16212) 12/21/2023 14:36:00.922 TmDlpUpdate> Info: [TrustCertMgr::CheckDLPBinaryIssuerForOneFile] Check file [C:\Program Files (x86)\Trend Micro\Security Agent\dlplite\hotfix\\x64\system32\dgagent\dlpdrvif.dll], Version[6.2.0.5285]  @trustcertmgr.cpp(714)
(16212) 12/21/2023 14:36:00.931 TmDlpUpdate> Info: [TrustCertMgr::CheckDLPBinaryIssuerForOneFile] Check file [C:\Program Files (x86)\Trend Micro\Security Agent\dlplite\hotfix\\x64\system32\dgagent\dlpexaddin.x64.dll], Version[6.2.0.5285]  @trustcertmgr.cpp(714)
(16212) 12/21/2023 14:36:00.934 TmDlpUpdate> Info: [TrustCertMgr::CheckDLPBinaryIssuerForOneFile] Check file [C:\Program Files (x86)\Trend Micro\Security Agent\dlplite\hotfix\\x64\system32\dgagent\dlphook.x64.dll], Version[6.2.0.5276]  @trustcertmgr.cpp(714)
(16212) 12/21/2023 14:36:00.941 TmDlpUpdate> Info: [TrustCertMgr::CheckDLPBinaryIssuerForOneFile] Check file [C:\Program Files (x86)\Trend Micro\Security Agent\dlplite\hotfix\\x64\system32\dgagent\dlpwpdfltr\dlpwpdfltr.sys], Version[6.2.0.5262]  @trustcertmgr.cpp(714)
(16212) 12/21/2023 14:36:00.947 TmDlpUpdate> Info: [TrustCertMgr::CheckDLPBinaryIssuerForOneFile] Check file [C:\Program Files (x86)\Trend Micro\Security Agent\dlplite\hotfix\\x64\system32\dgagent\dlpwpdfltr\WDFRedist\KMDF-1.9\Microsoft Kernel-Mode Driver Framework Install-v1.9-Win2k-WinXP-Win2k3.exe], Version[6.3.15.0]  @trustcertmgr.cpp(714)
(16212) 12/21/2023 14:36:00.953 TmDlpUpdate> Info: [TrustCertMgr::CheckDLPBinaryIssuerForOneFile] Check file [C:\Program Files (x86)\Trend Micro\Security Agent\dlplite\hotfix\\x64\system32\dgagent\dlpwpdfltr\WDFRedist\UMDF-1.9\Microsoft User-Mode Driver Framework Install-v1.9-WinXP-Srv03.exe], Version[6.3.15.0]  @trustcertmgr.cpp(714)
(16212) 12/21/2023 14:36:00.959 TmDlpUpdate> Info: [TrustCertMgr::CheckDLPBinaryIssuerForOneFile] Check file [C:\Program Files (x86)\Trend Micro\Security Agent\dlplite\hotfix\\x64\system32\dgagent\dlpwpdfltr\WDFRedist\USBCoInstaller2\WinUSB.exe], Version[6.3.15.0]  @trustcertmgr.cpp(714)
(16212) 12/21/2023 14:36:00.961 TmDlpUpdate> Info: [TrustCertMgr::CheckDLPBinaryIssuerForOneFile] Check file [C:\Program Files (x86)\Trend Micro\Security Agent\dlplite\hotfix\\x64\system32\dgagent\dlp_telemetry.dll], Version[6.2.0.5183]  @trustcertmgr.cpp(714)
(16212) 12/21/2023 14:36:00.963 TmDlpUpdate> Info: [TrustCertMgr::CheckDLPBinaryIssuerForOneFile] Check file [C:\Program Files (x86)\Trend Micro\Security Agent\dlplite\hotfix\\x64\system32\dgagent\dlp_utils.dll], Version[6.2.0.5285]  @trustcertmgr.cpp(714)
(16212) 12/21/2023 14:36:01.010 TmDlpUpdate> Info: [TrustCertMgr::CheckDLPBinaryIssuerForOneFile] Check file [C:\Program Files (x86)\Trend Micro\Security Agent\dlplite\hotfix\\x64\system32\dgagent\dsagent.exe], Version[6.2.0.5286]  @trustcertmgr.cpp(714)
(16212) 12/21/2023 14:36:01.066 TmDlpUpdate> Info: [TrustCertMgr::CheckDLPBinaryIssuerForOneFile] Check file [C:\Program Files (x86)\Trend Micro\Security Agent\dlplite\hotfix\\x64\system32\dgagent\dtengine64.dll], Version[7.2201.8749.1]  @trustcertmgr.cpp(714)
(16212) 12/21/2023 14:36:01.076 TmDlpUpdate> Info: [TrustCertMgr::CheckDLPBinaryIssuerForOneFile] Check file [C:\Program Files (x86)\Trend Micro\Security Agent\dlplite\hotfix\\x64\system32\dgagent\dtoop.exe], Version[6.2.0.5286]  @trustcertmgr.cpp(714)
(16212) 12/21/2023 14:36:01.078 TmDlpUpdate> Info: [TrustCertMgr::CheckDLPBinaryIssuerForOneFile] Check file [C:\Program Files (x86)\Trend Micro\Security Agent\dlplite\hotfix\\x64\system32\dgagent\FEAPI.dll], Version[6.0.0.3030]  @trustcertmgr.cpp(714)
(16212) 12/21/2023 14:36:01.080 TmDlpUpdate> Info: [TrustCertMgr::CheckDLPBinaryIssuerForOneFile] Check file [C:\Program Files (x86)\Trend Micro\Security Agent\dlplite\hotfix\\x64\system32\dgagent\FECmd.exe], Version[6.0.0.3030]  @trustcertmgr.cpp(714)
(16212) 12/21/2023 14:36:01.222 TmDlpUpdate> Info: [TrustCertMgr::CheckDLPBinaryIssuerForOneFile] Check file [C:\Program Files (x86)\Trend Micro\Security Agent\dlplite\hotfix\\x64\system32\dgagent\icudt68.dll], Version[68.2.0.0]  @trustcertmgr.cpp(714)
(16212) 12/21/2023 14:36:01.384 TmDlpUpdate> Info: [TrustCertMgr::CheckDLPBinaryIssuerForOneFile] Check file [C:\Program Files (x86)\Trend Micro\Security Agent\dlplite\hotfix\\x64\system32\dgagent\icudt71.dll], Version[71.1.0.0]  @trustcertmgr.cpp(714)
(16212) 12/21/2023 14:36:01.423 TmDlpUpdate> Info: [TrustCertMgr::CheckDLPBinaryIssuerForOneFile] Check file [C:\Program Files (x86)\Trend Micro\Security Agent\dlplite\hotfix\\x64\system32\dgagent\icuin68.dll], Version[68.2.0.0]  @trustcertmgr.cpp(714)
(16212) 12/21/2023 14:36:01.453 TmDlpUpdate> Info: [TrustCertMgr::CheckDLPBinaryIssuerForOneFile] Check file [C:\Program Files (x86)\Trend Micro\Security Agent\dlplite\hotfix\\x64\system32\dgagent\icuin71.dll], Version[71.1.0.0]  @trustcertmgr.cpp(714)
(16212) 12/21/2023 14:36:01.502 TmDlpUpdate> Info: [TrustCertMgr::CheckDLPBinaryIssuerForOneFile] Check file [C:\Program Files (x86)\Trend Micro\Security Agent\dlplite\hotfix\\x64\system32\dgagent\icuuc68.dll], Version[68.2.0.0]  @trustcertmgr.cpp(714)
(16212) 12/21/2023 14:36:01.563 TmDlpUpdate> Info: [TrustCertMgr::CheckDLPBinaryIssuerForOneFile] Check file [C:\Program Files (x86)\Trend Micro\Security Agent\dlplite\hotfix\\x64\system32\dgagent\icuuc71.dll], Version[71.1.0.0]  @trustcertmgr.cpp(714)
(16212) 12/21/2023 14:36:01.588 TmDlpUpdate> Info: [TrustCertMgr::CheckDLPBinaryIssuerForOneFile] Check file [C:\Program Files (x86)\Trend Micro\Security Agent\dlplite\hotfix\\x64\system32\dgagent\immessagehook.dll], Version[6.2.0.5255]  @trustcertmgr.cpp(714)
(16212) 12/21/2023 14:36:01.630 TmDlpUpdate> Info: [TrustCertMgr::CheckDLPBinaryIssuerForOneFile] Check file [C:\Program Files (x86)\Trend Micro\Security Agent\dlplite\hotfix\\x64\system32\dgagent\inetftpparser.dll], Version[6.2.0.5285]  @trustcertmgr.cpp(714)
(16212) 12/21/2023 14:36:01.665 TmDlpUpdate> Info: [TrustCertMgr::CheckDLPBinaryIssuerForOneFile] Check file [C:\Program Files (x86)\Trend Micro\Security Agent\dlplite\hotfix\\x64\system32\dgagent\inethttpparser.dll], Version[6.2.0.5285]  @trustcertmgr.cpp(714)
(16212) 12/21/2023 14:36:01.694 TmDlpUpdate> Info: [TrustCertMgr::CheckDLPBinaryIssuerForOneFile] Check file [C:\Program Files (x86)\Trend Micro\Security Agent\dlplite\hotfix\\x64\system32\dgagent\inetrapiparser.dll], Version[6.2.0.5285]  @trustcertmgr.cpp(714)
(16212) 12/21/2023 14:36:01.718 TmDlpUpdate> Info: [TrustCertMgr::CheckDLPBinaryIssuerForOneFile] Check file [C:\Program Files (x86)\Trend Micro\Security Agent\dlplite\hotfix\\x64\system32\dgagent\inetsmtpparser.dll], Version[6.2.0.5285]  @trustcertmgr.cpp(714)
(16212) 12/21/2023 14:36:01.730 TmDlpUpdate> Info: [TrustCertMgr::CheckDLPBinaryIssuerForOneFile] Check file [C:\Program Files (x86)\Trend Micro\Security Agent\dlplite\hotfix\\x64\system32\dgagent\inetsyncfile.dll], Version[6.2.0.5285]  @trustcertmgr.cpp(714)
(16212) 12/21/2023 14:36:01.761 TmDlpUpdate> Info: [TrustCertMgr::CheckDLPBinaryIssuerForOneFile] Check file [C:\Program Files (x86)\Trend Micro\Security Agent\dlplite\hotfix\\x64\system32\dgagent\listdeviceinfo.exe], Version[6.2.0.5285]  @trustcertmgr.cpp(714)
(16212) 12/21/2023 14:36:01.771 TmDlpUpdate> Info: [TrustCertMgr::CheckDLPBinaryIssuerForOneFile] Check file [C:\Program Files (x86)\Trend Micro\Security Agent\dlplite\hotfix\\x64\system32\dgagent\msvcp140.dll], Version[14.27.29112.0]  @trustcertmgr.cpp(714)
(16212) 12/21/2023 14:36:01.778 TmDlpUpdate> Info: [TrustCertMgr::CheckDLPBinaryIssuerForOneFile] Check file [C:\Program Files (x86)\Trend Micro\Security Agent\dlplite\hotfix\\x64\system32\dgagent\nmem.dll], Version[6.2.0.5221]  @trustcertmgr.cpp(714)
(16212) 12/21/2023 14:36:01.786 TmDlpUpdate> Info: [TrustCertMgr::CheckDLPBinaryIssuerForOneFile] Check file [C:\Program Files (x86)\Trend Micro\Security Agent\dlplite\hotfix\\x64\system32\dgagent\removeworkingdirectory.exe], Version[6.2.0.5183]  @trustcertmgr.cpp(714)
(16212) 12/21/2023 14:36:01.805 TmDlpUpdate> Info: [TrustCertMgr::CheckDLPBinaryIssuerForOneFile] Check file [C:\Program Files (x86)\Trend Micro\Security Agent\dlplite\hotfix\\x64\system32\dgagent\showmsg.exe], Version[6.2.0.5285]  @trustcertmgr.cpp(714)
(16212) 12/21/2023 14:36:01.811 TmDlpUpdate> Info: [TrustCertMgr::CheckDLPBinaryIssuerForOneFile] Check file [C:\Program Files (x86)\Trend Micro\Security Agent\dlplite\hotfix\\x64\system32\dgagent\tmdevctrl.dll], Version[6.2.0.5285]  @trustcertmgr.cpp(714)
(16212) 12/21/2023 14:36:01.813 TmDlpUpdate> Info: [TrustCertMgr::CheckDLPBinaryIssuerForOneFile] Check file [C:\Program Files (x86)\Trend Micro\Security Agent\dlplite\hotfix\\x64\system32\dgagent\tmdsmengine.dll], Version[6.2.0.5183]  @trustcertmgr.cpp(714)
(16212) 12/21/2023 14:36:01.815 TmDlpUpdate> Info: [TrustCertMgr::CheckDLPBinaryIssuerForOneFile] Check file [C:\Program Files (x86)\Trend Micro\Security Agent\dlplite\hotfix\\x64\system32\dgagent\upgradecleaner.exe], Version[6.2.0.5183]  @trustcertmgr.cpp(714)
(16212) 12/21/2023 14:36:01.817 TmDlpUpdate> Info: [TrustCertMgr::CheckDLPBinaryIssuerForOneFile] Check file [C:\Program Files (x86)\Trend Micro\Security Agent\dlplite\hotfix\\x64\system32\dgagent\vcruntime140.dll], Version[14.27.29112.0]  @trustcertmgr.cpp(714)
(16212) 12/21/2023 14:36:01.818 TmDlpUpdate> Info: [TrustCertMgr::CheckDLPBinaryIssuerForOneFile] Check file [C:\Program Files (x86)\Trend Micro\Security Agent\dlplite\hotfix\\x64\system32\dgagent\vcruntime140_1.dll], Version[14.27.29112.0]  @trustcertmgr.cpp(714)
(16212) 12/21/2023 14:36:01.820 TmDlpUpdate> Info: [TrustCertMgr::CheckDLPBinaryIssuerForOneFile] Check file [C:\Program Files (x86)\Trend Micro\Security Agent\dlplite\hotfix\\x64\system32\dlp_utils.dll], Version[6.2.0.5255]  @trustcertmgr.cpp(714)
(16212) 12/21/2023 14:36:01.821 TmDlpUpdate> Info: [TrustCertMgr::CheckDLPBinaryIssuerForOneFile] Check file [C:\Program Files (x86)\Trend Micro\Security Agent\dlplite\hotfix\\x64\system32\drivers\sakfile.sys], Version[6.2.0.5276]  @trustcertmgr.cpp(714)
(16212) 12/21/2023 14:36:01.827 TmDlpUpdate> Info: [TrustCertMgr::CheckDLPBinaryIssuerForOneFile] Check file [C:\Program Files (x86)\Trend Micro\Security Agent\dlplite\hotfix\\x64\system32\immessagehook.dll], Version[6.2.0.5255]  @trustcertmgr.cpp(714)
(16212) 12/21/2023 14:36:01.833 TmDlpUpdate> Info: [TrustCertMgr::CheckDLPBinaryIssuerForOneFile] Check file [C:\Program Files (x86)\Trend Micro\Security Agent\dlplite\hotfix\\x64\system32\showmsg.exe], Version[6.2.0.5285]  @trustcertmgr.cpp(714)
(16212) 12/21/2023 14:36:01.836 TmDlpUpdate> Info: [TmDlpeUpdateAgentEx] Copy files... @tmdlpupdate.cpp(1371)
(16212) 12/21/2023 14:36:01.837 Dtool> Info: Remove [C:\Program Files (x86)\Trend Micro\Security Agent\dlplite\hotfix\x64\system32\drivers\sakfile.sys]
(16212) 12/21/2023 14:36:01.838 Dtool> Info: Copy [C:\Program Files (x86)\Trend Micro\Security Agent\dlplite\hotfix\x64\system32\dgagent\7z.dll] to [C:\Windows\system32\dgagent\7z.dll]
(16212) 12/21/2023 14:36:01.839 Dtool> Info: Copy [C:\Program Files (x86)\Trend Micro\Security Agent\dlplite\hotfix\x64\system32\dgagent\7z.exe] to [C:\Windows\system32\dgagent\7z.exe]
(16212) 12/21/2023 14:36:01.839 Dtool> Info: Copy [C:\Program Files (x86)\Trend Micro\Security Agent\dlplite\hotfix\x64\system32\dgagent\apihookstub.x64.dll] to [C:\Windows\system32\dgagent\apihookstub.x64.dll]
(16212) 12/21/2023 14:36:01.839 Dtool> Info: Copy [C:\Program Files (x86)\Trend Micro\Security Agent\dlplite\hotfix\x64\system32\dgagent\archive_7z.dll] to [C:\Windows\system32\dgagent\archive_7z.dll]
(16212) 12/21/2023 14:36:01.840 Dtool> Info: Copy [C:\Program Files (x86)\Trend Micro\Security Agent\dlplite\hotfix\x64\system32\dgagent\archive_vsapi.dll] to [C:\Windows\system32\dgagent\archive_vsapi.dll]
(16212) 12/21/2023 14:36:01.840 Dtool> Info: Copy [C:\Program Files (x86)\Trend Micro\Security Agent\dlplite\hotfix\x64\system32\dgagent\browser_pattern.xml] to [C:\Windows\system32\dgagent\browser_pattern.xml]
(16212) 12/21/2023 14:36:01.840 Dtool> Info: Copy [C:\Program Files (x86)\Trend Micro\Security Agent\dlplite\hotfix\x64\system32\dgagent\cme_vxe_dll.dll] to [C:\Windows\system32\dgagent\cme_vxe_dll.dll]
(16212) 12/21/2023 14:36:01.840 Dtool> Info: Copy [C:\Program Files (x86)\Trend Micro\Security Agent\dlplite\hotfix\x64\system32\dgagent\converter.pro] to [C:\Windows\system32\dgagent\converter.pro]
(16212) 12/21/2023 14:36:01.841 Dtool> Info: Copy [C:\Program Files (x86)\Trend Micro\Security Agent\dlplite\hotfix\x64\system32\dgagent\datadiscovery.exe] to [C:\Windows\system32\dgagent\datadiscovery.exe]
(16212) 12/21/2023 14:36:01.842 Dtool> Info: Copy [C:\Program Files (x86)\Trend Micro\Security Agent\dlplite\hotfix\x64\system32\dgagent\dbghelp.dll] to [C:\Windows\system32\dgagent\dbghelp.dll]
(16212) 12/21/2023 14:36:01.843 Dtool> Info: Copy [C:\Program Files (x86)\Trend Micro\Security Agent\dlplite\hotfix\x64\system32\dgagent\dgagent\showmsg.exe] to [C:\Windows\system32\dgagent\dgagent\showmsg.exe]
(16212) 12/21/2023 14:36:01.845 Dtool> Info: Copy [C:\Program Files (x86)\Trend Micro\Security Agent\dlplite\hotfix\x64\system32\dgagent\dlpconverter_dt.dll] to [C:\Windows\system32\dgagent\dlpconverter_dt.dll]
(16212) 12/21/2023 14:36:01.845 Dtool> Info: Copy [C:\Program Files (x86)\Trend Micro\Security Agent\dlplite\hotfix\x64\system32\dgagent\dlpdrvif.dll] to [C:\Windows\system32\dgagent\dlpdrvif.dll]
(16212) 12/21/2023 14:36:01.845 Dtool> Info: Copy [C:\Program Files (x86)\Trend Micro\Security Agent\dlplite\hotfix\x64\system32\dgagent\dlpexaddin.x64.dll] to [C:\Windows\system32\dgagent\dlpexaddin.x64.dll]
(16212) 12/21/2023 14:36:01.846 Dtool> Info: Copy [C:\Program Files (x86)\Trend Micro\Security Agent\dlplite\hotfix\x64\system32\dgagent\dlphook.x64.dll] to [C:\Windows\system32\dgagent\dlphook.x64.dll]
(16212) 12/21/2023 14:36:01.847 Dtool> Info: Copy [C:\Program Files (x86)\Trend Micro\Security Agent\dlplite\hotfix\x64\system32\dgagent\dlpwpdfltr\dlpwpdfltr.cat] to [C:\Windows\system32\dgagent\dlpwpdfltr\dlpwpdfltr.cat]
(16212) 12/21/2023 14:36:01.847 Dtool> Info: Copy [C:\Program Files (x86)\Trend Micro\Security Agent\dlplite\hotfix\x64\system32\dgagent\dlpwpdfltr\dlpwpdfltr.inf] to [C:\Windows\system32\dgagent\dlpwpdfltr\dlpwpdfltr.inf]
(16212) 12/21/2023 14:36:01.847 Dtool> Info: Copy [C:\Program Files (x86)\Trend Micro\Security Agent\dlplite\hotfix\x64\system32\dgagent\dlpwpdfltr\dlpwpdfltr.sys] to [C:\Windows\system32\dgagent\dlpwpdfltr\dlpwpdfltr.sys]
(16212) 12/21/2023 14:36:01.847 Dtool> Info: Copy [C:\Program Files (x86)\Trend Micro\Security Agent\dlplite\hotfix\x64\system32\dgagent\dlpwpdfltr\WDFRedist\KMDF-1.9\Microsoft Kernel-Mode Driver Framework Install-v1.9-Vista.msu] to [C:\Windows\system32\dgagent\dlpwpdfltr\WDFRedist\KMDF-1.9\Microsoft Kernel-Mode Driver Framework Install-v1.9-Vista.msu]
(16212) 12/21/2023 14:36:01.848 Dtool> Info: Copy [C:\Program Files (x86)\Trend Micro\Security Agent\dlplite\hotfix\x64\system32\dgagent\dlpwpdfltr\WDFRedist\KMDF-1.9\Microsoft Kernel-Mode Driver Framework Install-v1.9-Win2k-WinXP-Win2k3.exe] to [C:\Windows\system32\dgagent\dlpwpdfltr\WDFRedist\KMDF-1.9\Microsoft Kernel-Mode Driver Framework Install-v1.9-Win2k-WinXP-Win2k3.exe]
(16212) 12/21/2023 14:36:01.849 Dtool> Info: Copy [C:\Program Files (x86)\Trend Micro\Security Agent\dlplite\hotfix\x64\system32\dgagent\dlpwpdfltr\WDFRedist\UMDF-1.9\Microsoft User-Mode Driver Framework Install-v1.9-Vista.msu] to [C:\Windows\system32\dgagent\dlpwpdfltr\WDFRedist\UMDF-1.9\Microsoft User-Mode Driver Framework Install-v1.9-Vista.msu]
(16212) 12/21/2023 14:36:01.849 Dtool> Info: Copy [C:\Program Files (x86)\Trend Micro\Security Agent\dlplite\hotfix\x64\system32\dgagent\dlpwpdfltr\WDFRedist\UMDF-1.9\Microsoft User-Mode Driver Framework Install-v1.9-WinXP-Srv03.exe] to [C:\Windows\system32\dgagent\dlpwpdfltr\WDFRedist\UMDF-1.9\Microsoft User-Mode Driver Framework Install-v1.9-WinXP-Srv03.exe]
(16212) 12/21/2023 14:36:01.850 Dtool> Info: Copy [C:\Program Files (x86)\Trend Micro\Security Agent\dlplite\hotfix\x64\system32\dgagent\dlpwpdfltr\WDFRedist\USBCoInstaller2\WinUSB.exe] to [C:\Windows\system32\dgagent\dlpwpdfltr\WDFRedist\USBCoInstaller2\WinUSB.exe]
(16212) 12/21/2023 14:36:01.850 Dtool> Info: Copy [C:\Program Files (x86)\Trend Micro\Security Agent\dlplite\hotfix\x64\system32\dgagent\dlpwpdfltr\WDFRedist\USBCoInstaller2\WinUSB_1.9.msu] to [C:\Windows\system32\dgagent\dlpwpdfltr\WDFRedist\USBCoInstaller2\WinUSB_1.9.msu]
(16212) 12/21/2023 14:36:01.851 Dtool> Info: Copy [C:\Program Files (x86)\Trend Micro\Security Agent\dlplite\hotfix\x64\system32\dgagent\dlp_telemetry.dll] to [C:\Windows\system32\dgagent\dlp_telemetry.dll]
(16212) 12/21/2023 14:36:01.851 Dtool> Info: Copy [C:\Program Files (x86)\Trend Micro\Security Agent\dlplite\hotfix\x64\system32\dgagent\dlp_utils.dll] to [C:\Windows\system32\dgagent\dlp_utils.dll]
(16212) 12/21/2023 14:36:01.851 Dtool> Info: Copy [C:\Program Files (x86)\Trend Micro\Security Agent\dlplite\hotfix\x64\system32\dgagent\dsagent.exe] to [C:\Windows\system32\dgagent\dsagent.exe]
(16212) 12/21/2023 14:36:01.855 Dtool> Info: Copy [C:\Program Files (x86)\Trend Micro\Security Agent\dlplite\hotfix\x64\system32\dgagent\dtengine64.dll] to [C:\Windows\system32\dgagent\dtengine64.dll]
(16212) 12/21/2023 14:36:01.858 Dtool> Info: Copy [C:\Program Files (x86)\Trend Micro\Security Agent\dlplite\hotfix\x64\system32\dgagent\dtoop.exe] to [C:\Windows\system32\dgagent\dtoop.exe]
(16212) 12/21/2023 14:36:01.859 Dtool> Info: Copy [C:\Program Files (x86)\Trend Micro\Security Agent\dlplite\hotfix\x64\system32\dgagent\FEAPI.dll] to [C:\Windows\system32\dgagent\FEAPI.dll]
(16212) 12/21/2023 14:36:01.859 Dtool> Info: Copy [C:\Program Files (x86)\Trend Micro\Security Agent\dlplite\hotfix\x64\system32\dgagent\FECmd.exe] to [C:\Windows\system32\dgagent\FECmd.exe]
(16212) 12/21/2023 14:36:01.859 Dtool> Info: Copy [C:\Program Files (x86)\Trend Micro\Security Agent\dlplite\hotfix\x64\system32\dgagent\icudt68.dll] to [C:\Windows\system32\dgagent\icudt68.dll]
(16212) 12/21/2023 14:36:01.869 Dtool> Info: Copy [C:\Program Files (x86)\Trend Micro\Security Agent\dlplite\hotfix\x64\system32\dgagent\icudt71.dll] to [C:\Windows\system32\dgagent\icudt71.dll]
(16212) 12/21/2023 14:36:01.879 Dtool> Info: Copy [C:\Program Files (x86)\Trend Micro\Security Agent\dlplite\hotfix\x64\system32\dgagent\icuin68.dll] to [C:\Windows\system32\dgagent\icuin68.dll]
(16212) 12/21/2023 14:36:01.880 Dtool> Info: Copy [C:\Program Files (x86)\Trend Micro\Security Agent\dlplite\hotfix\x64\system32\dgagent\icuin71.dll] to [C:\Windows\system32\dgagent\icuin71.dll]
(16212) 12/21/2023 14:36:01.882 Dtool> Info: Copy [C:\Program Files (x86)\Trend Micro\Security Agent\dlplite\hotfix\x64\system32\dgagent\icuuc68.dll] to [C:\Windows\system32\dgagent\icuuc68.dll]
(16212) 12/21/2023 14:36:01.883 Dtool> Info: Copy [C:\Program Files (x86)\Trend Micro\Security Agent\dlplite\hotfix\x64\system32\dgagent\icuuc71.dll] to [C:\Windows\system32\dgagent\icuuc71.dll]
(16212) 12/21/2023 14:36:01.884 Dtool> Info: Copy [C:\Program Files (x86)\Trend Micro\Security Agent\dlplite\hotfix\x64\system32\dgagent\immessagehook.dll] to [C:\Windows\system32\dgagent\immessagehook.dll]
(16212) 12/21/2023 14:36:01.884 Dtool> Info: Copy [C:\Program Files (x86)\Trend Micro\Security Agent\dlplite\hotfix\x64\system32\dgagent\inetftpparser.dll] to [C:\Windows\system32\dgagent\inetftpparser.dll]
(16212) 12/21/2023 14:36:01.885 Dtool> Info: Copy [C:\Program Files (x86)\Trend Micro\Security Agent\dlplite\hotfix\x64\system32\dgagent\inethttpparser.dll] to [C:\Windows\system32\dgagent\inethttpparser.dll]
(16212) 12/21/2023 14:36:01.886 Dtool> Info: Copy [C:\Program Files (x86)\Trend Micro\Security Agent\dlplite\hotfix\x64\system32\dgagent\inetrapiparser.dll] to [C:\Windows\system32\dgagent\inetrapiparser.dll]
(16212) 12/21/2023 14:36:01.887 Dtool> Info: Copy [C:\Program Files (x86)\Trend Micro\Security Agent\dlplite\hotfix\x64\system32\dgagent\inetsmtpparser.dll] to [C:\Windows\system32\dgagent\inetsmtpparser.dll]
(16212) 12/21/2023 14:36:01.887 Dtool> Info: Copy [C:\Program Files (x86)\Trend Micro\Security Agent\dlplite\hotfix\x64\system32\dgagent\inetsyncfile.dll] to [C:\Windows\system32\dgagent\inetsyncfile.dll]
(16212) 12/21/2023 14:36:01.888 Dtool> Info: Copy [C:\Program Files (x86)\Trend Micro\Security Agent\dlplite\hotfix\x64\system32\dgagent\listdeviceinfo.exe] to [C:\Windows\system32\dgagent\listdeviceinfo.exe]
(16212) 12/21/2023 14:36:01.889 Dtool> Info: Copy [C:\Program Files (x86)\Trend Micro\Security Agent\dlplite\hotfix\x64\system32\dgagent\msvcp140.dll] to [C:\Windows\system32\dgagent\msvcp140.dll]
(16212) 12/21/2023 14:36:01.890 Dtool> Info: Copy [C:\Program Files (x86)\Trend Micro\Security Agent\dlplite\hotfix\x64\system32\dgagent\nmem.dll] to [C:\Windows\system32\dgagent\nmem.dll]
(16212) 12/21/2023 14:36:01.890 Dtool> Info: Copy [C:\Program Files (x86)\Trend Micro\Security Agent\dlplite\hotfix\x64\system32\dgagent\removeworkingdirectory.exe] to [C:\Windows\system32\dgagent\removeworkingdirectory.exe]
(16212) 12/21/2023 14:36:01.891 Dtool> Info: Copy [C:\Program Files (x86)\Trend Micro\Security Agent\dlplite\hotfix\x64\system32\dgagent\showmsg.exe] to [C:\Windows\system32\dgagent\showmsg.exe]
(16212) 12/21/2023 14:36:01.892 Dtool> Info: Copy [C:\Program Files (x86)\Trend Micro\Security Agent\dlplite\hotfix\x64\system32\dgagent\tmdevctrl.dll] to [C:\Windows\system32\dgagent\tmdevctrl.dll]
(16212) 12/21/2023 14:36:01.892 Dtool> Info: Skip copy tmdlpe.ptn
(16212) 12/21/2023 14:36:01.892 Dtool> Info: Copy [C:\Program Files (x86)\Trend Micro\Security Agent\dlplite\hotfix\x64\system32\dgagent\tmdsmengine.dll] to [C:\Windows\system32\dgagent\tmdsmengine.dll]
(16212) 12/21/2023 14:36:01.893 Dtool> Info: Copy [C:\Program Files (x86)\Trend Micro\Security Agent\dlplite\hotfix\x64\system32\dgagent\tmpeenum.xml] to [C:\Windows\system32\dgagent\tmpeenum.xml]
(16212) 12/21/2023 14:36:01.893 Dtool> Info: Copy [C:\Program Files (x86)\Trend Micro\Security Agent\dlplite\hotfix\x64\system32\dgagent\upgradecleaner.exe] to [C:\Windows\system32\dgagent\upgradecleaner.exe]
(16212) 12/21/2023 14:36:01.893 Dtool> Info: Copy [C:\Program Files (x86)\Trend Micro\Security Agent\dlplite\hotfix\x64\system32\dgagent\vcruntime140.dll] to [C:\Windows\system32\dgagent\vcruntime140.dll]
(16212) 12/21/2023 14:36:01.893 Dtool> Info: Copy [C:\Program Files (x86)\Trend Micro\Security Agent\dlplite\hotfix\x64\system32\dgagent\vcruntime140_1.dll] to [C:\Windows\system32\dgagent\vcruntime140_1.dll]
(16212) 12/21/2023 14:36:01.894 Dtool> Info: Copy [C:\Program Files (x86)\Trend Micro\Security Agent\dlplite\hotfix\x64\system32\dlp_utils.dll] to [C:\Windows\system32\dlp_utils.dll]
(16212) 12/21/2023 14:36:01.894 Dtool> Info: Copy [C:\Program Files (x86)\Trend Micro\Security Agent\dlplite\hotfix\x64\system32\immessagehook.dll] to [C:\Windows\system32\immessagehook.dll]
(16212) 12/21/2023 14:36:01.895 Dtool> Info: Copy [C:\Program Files (x86)\Trend Micro\Security Agent\dlplite\hotfix\x64\system32\showmsg.exe] to [C:\Windows\system32\showmsg.exe]
(16212) 12/21/2023 14:36:01.896 TmDlpUpdate> Info: [TmDlpeUpdateAgentEx] Copy files success!! @tmdlpupdate.cpp(1379)
(16212) 12/21/2023 14:36:01.896 TmDlpUpdate> Info: [updateWPDDriver] No need to update dlpwpdfltr driver!! @tmdlpupdate.cpp(1254)
(16212) 12/21/2023 14:36:01.896 Dtool> Err : path : C:\Windows\system32\dgagent\SDKDevCtrl.typ
(16212) 12/21/2023 14:36:01.896 TmDlpUpdate> Info: [updateServiceDependency] Add driver dependency to DSAsvc success!! @tmdlpupdate.cpp(1271)
(16212) 12/21/2023 14:36:01.896 TmDlpUpdate> Info: isServiceRunning()@ln:627> Service [SAKFile] was stopped.
(16212) 12/21/2023 14:36:01.896 Dtool> Info: [Reboot Copy] file : \??\C:\Program Files (x86)\Trend Micro\BM\cache\nfc.cache
(16212) 12/21/2023 14:36:01.896 Dtool> Info: [Reboot Copy] file : 
(16212) 12/21/2023 14:36:01.896 Dtool> Info: [Reboot Copy] file : 
